[DEBUG] 2018-10-07 16:14:11.293 [AWT-EventQueue-0] MainPanel - MainPanel constructed
[DEBUG] 2018-10-07 16:14:11.308 [AWT-EventQueue-0] FormPanel - FormPanel constructed
[DEBUG] 2018-10-07 16:14:11.308 [AWT-EventQueue-0] GamePanel - GamePanel constructed
[DEBUG] 2018-10-07 16:14:28.851 [AWT-EventQueue-0] CollisionFormPanel - CollisionFormPanel constructed
[DEBUG] 2018-10-07 16:20:28.149 [AWT-EventQueue-0] MainPanel - MainPanel constructed
[DEBUG] 2018-10-07 16:20:28.165 [AWT-EventQueue-0] FormPanel - FormPanel constructed
[DEBUG] 2018-10-07 16:20:28.165 [AWT-EventQueue-0] GamePanel - GamePanel constructed
[DEBUG] 2018-10-07 16:41:48.159 [AWT-EventQueue-0] WindowFrame - WindowFrame constructed
[DEBUG] 2018-10-07 16:41:48.174 [AWT-EventQueue-0] MainPanel - MainPanel constructed
[DEBUG] 2018-10-07 16:41:48.174 [AWT-EventQueue-0] FormPanel - FormPanel constructed
[DEBUG] 2018-10-07 16:41:48.174 [AWT-EventQueue-0] GamePanel - GamePanel constructed
[DEBUG] 2018-10-07 16:44:07.590 [AWT-EventQueue-0] WindowFrame - WindowFrame constructed
[DEBUG] 2018-10-07 16:44:07.590 [AWT-EventQueue-0] MainPanel - MainPanel constructed
[DEBUG] 2018-10-07 16:44:07.606 [AWT-EventQueue-0] FormPanel - FormPanel constructed
[DEBUG] 2018-10-07 16:44:07.606 [AWT-EventQueue-0] GamePanel - GamePanel constructed
[DEBUG] 2018-10-07 17:39:22.122 [AWT-EventQueue-0] WindowFrame - WindowFrame constructed
[DEBUG] 2018-10-07 17:39:22.137 [AWT-EventQueue-0] MainPanel - MainPanel constructed
[DEBUG] 2018-10-07 17:39:22.137 [AWT-EventQueue-0] FormPanel - FormPanel constructed
[DEBUG] 2018-10-07 17:39:22.137 [AWT-EventQueue-0] GamePanel - GamePanel constructed
[DEBUG] 2018-10-07 17:40:35.715 [AWT-EventQueue-0] ObjectPropertiesPanel - Form data populated
[DEBUG] 2018-10-07 17:41:19.083 [AWT-EventQueue-0] ObjectPropertiesPanel - Form data populated
[DEBUG] 2018-10-07 17:41:51.842 [AWT-EventQueue-0] CollisionFormPanel - CollisionFormPanel constructed
[DEBUG] 2018-10-07 17:41:51.842 [AWT-EventQueue-0] CollisionFormPanel - Collision added
[DEBUG] 2018-10-07 18:18:56.495 [AWT-EventQueue-0] CollisionFormPanel - CollisionFormPanel constructed
[DEBUG] 2018-10-07 18:19:00.213 [AWT-EventQueue-0] WindowFrame - WindowFrame constructed
[DEBUG] 2018-10-07 18:19:00.223 [AWT-EventQueue-0] MainPanel - MainPanel constructed
[DEBUG] 2018-10-07 18:19:00.227 [AWT-EventQueue-0] FormPanel - FormPanel constructed
[DEBUG] 2018-10-07 18:19:00.229 [AWT-EventQueue-0] GamePanel - GamePanel constructed
[ERROR] 2018-10-07 18:19:09.574 [AWT-EventQueue-0] GameMakerController - null
[DEBUG] 2018-10-07 18:19:15.043 [AWT-EventQueue-0] CollisionFormPanel - CollisionFormPanel constructed
[DEBUG] 2018-10-07 18:19:25.273 [AWT-EventQueue-0] WindowFrame - WindowFrame constructed
[DEBUG] 2018-10-07 18:19:25.280 [AWT-EventQueue-0] MainPanel - MainPanel constructed
[DEBUG] 2018-10-07 18:19:25.288 [AWT-EventQueue-0] FormPanel - FormPanel constructed
[DEBUG] 2018-10-07 18:19:25.292 [AWT-EventQueue-0] GamePanel - GamePanel constructed
[DEBUG] 2018-10-07 18:19:56.844 [AWT-EventQueue-0] ObjectPropertiesPanel - Form data populated
[DEBUG] 2018-10-07 18:20:37.110 [AWT-EventQueue-0] ObjectPropertiesPanel - Form data populated
[DEBUG] 2018-10-07 18:20:49.564 [AWT-EventQueue-0] CollisionFormPanel - CollisionFormPanel constructed
[DEBUG] 2018-10-07 18:20:49.564 [AWT-EventQueue-0] CollisionFormPanel - Collision added
[DEBUG] 2018-10-07 18:21:06.230 [AWT-EventQueue-0] WindowFrame - WindowFrame constructed
[DEBUG] 2018-10-07 18:21:06.244 [AWT-EventQueue-0] MainPanel - MainPanel constructed
[DEBUG] 2018-10-07 18:21:06.248 [AWT-EventQueue-0] FormPanel - FormPanel constructed
[DEBUG] 2018-10-07 18:21:06.265 [AWT-EventQueue-0] GamePanel - GamePanel constructed
[DEBUG] 2018-10-07 18:23:36.536 [AWT-EventQueue-0] CollisionFormPanel - CollisionFormPanel constructed
[DEBUG] 2018-10-07 18:27:09.254 [AWT-EventQueue-0] WindowFrame - WindowFrame constructed
[DEBUG] 2018-10-07 18:27:09.262 [AWT-EventQueue-0] MainPanel - MainPanel constructed
[DEBUG] 2018-10-07 18:27:09.265 [AWT-EventQueue-0] FormPanel - FormPanel constructed
[DEBUG] 2018-10-07 18:27:09.266 [AWT-EventQueue-0] GamePanel - GamePanel constructed
[DEBUG] 2018-10-07 18:27:22.689 [AWT-EventQueue-0] WindowFrame - WindowFrame constructed
[DEBUG] 2018-10-07 18:27:22.696 [AWT-EventQueue-0] MainPanel - MainPanel constructed
[DEBUG] 2018-10-07 18:27:22.699 [AWT-EventQueue-0] FormPanel - FormPanel constructed
[DEBUG] 2018-10-07 18:27:22.701 [AWT-EventQueue-0] GamePanel - GamePanel constructed
[DEBUG] 2018-10-07 18:27:43.482 [AWT-EventQueue-0] CollisionFormPanel - CollisionFormPanel constructed
[DEBUG] 2018-10-07 18:28:02.603 [AWT-EventQueue-0] WindowFrame - WindowFrame constructed
[DEBUG] 2018-10-07 18:28:02.610 [AWT-EventQueue-0] MainPanel - MainPanel constructed
[DEBUG] 2018-10-07 18:28:02.616 [AWT-EventQueue-0] FormPanel - FormPanel constructed
[DEBUG] 2018-10-07 18:28:02.618 [AWT-EventQueue-0] GamePanel - GamePanel constructed
[DEBUG] 2018-10-07 18:28:13.475 [AWT-EventQueue-0] CollisionFormPanel - CollisionFormPanel constructed
[DEBUG] 2018-10-07 18:28:45.014 [AWT-EventQueue-0] WindowFrame - WindowFrame constructed
[DEBUG] 2018-10-07 18:28:45.021 [AWT-EventQueue-0] MainPanel - MainPanel constructed
[DEBUG] 2018-10-07 18:28:45.024 [AWT-EventQueue-0] FormPanel - FormPanel constructed
[DEBUG] 2018-10-07 18:28:45.026 [AWT-EventQueue-0] GamePanel - GamePanel constructed
[DEBUG] 2018-10-07 18:30:50.073 [AWT-EventQueue-0] CollisionFormPanel - CollisionFormPanel constructed
[DEBUG] 2018-10-07 18:30:56.687 [AWT-EventQueue-0] WindowFrame - WindowFrame constructed
[DEBUG] 2018-10-07 18:30:56.695 [AWT-EventQueue-0] MainPanel - MainPanel constructed
[DEBUG] 2018-10-07 18:30:56.699 [AWT-EventQueue-0] FormPanel - FormPanel constructed
[DEBUG] 2018-10-07 18:30:56.701 [AWT-EventQueue-0] GamePanel - GamePanel constructed
[DEBUG] 2018-10-07 18:32:10.407 [AWT-EventQueue-0] WindowFrame - WindowFrame constructed
[DEBUG] 2018-10-07 18:32:10.416 [AWT-EventQueue-0] MainPanel - MainPanel constructed
[DEBUG] 2018-10-07 18:32:10.420 [AWT-EventQueue-0] FormPanel - FormPanel constructed
[DEBUG] 2018-10-07 18:32:10.433 [AWT-EventQueue-0] GamePanel - GamePanel constructed
[DEBUG] 2018-10-07 18:32:11.079 [AWT-EventQueue-0] CollisionFormPanel - CollisionFormPanel constructed
[DEBUG] 2018-10-07 18:32:18.290 [AWT-EventQueue-0] WindowFrame - WindowFrame constructed
[DEBUG] 2018-10-07 18:32:18.302 [AWT-EventQueue-0] MainPanel - MainPanel constructed
[DEBUG] 2018-10-07 18:32:18.308 [AWT-EventQueue-0] FormPanel - FormPanel constructed
[DEBUG] 2018-10-07 18:32:18.319 [AWT-EventQueue-0] GamePanel - GamePanel constructed
[DEBUG] 2018-10-07 18:32:48.700 [AWT-EventQueue-0] WindowFrame - WindowFrame constructed
[DEBUG] 2018-10-07 18:32:48.709 [AWT-EventQueue-0] MainPanel - MainPanel constructed
[DEBUG] 2018-10-07 18:32:48.715 [AWT-EventQueue-0] FormPanel - FormPanel constructed
[DEBUG] 2018-10-07 18:32:48.725 [AWT-EventQueue-0] GamePanel - GamePanel constructed
[DEBUG] 2018-10-07 18:33:57.409 [AWT-EventQueue-0] WindowFrame - WindowFrame constructed
[DEBUG] 2018-10-07 18:33:57.420 [AWT-EventQueue-0] MainPanel - MainPanel constructed
[DEBUG] 2018-10-07 18:33:57.424 [AWT-EventQueue-0] FormPanel - FormPanel constructed
[DEBUG] 2018-10-07 18:33:57.436 [AWT-EventQueue-0] GamePanel - GamePanel constructed
[ERROR] 2018-10-07 18:34:04.447 [AWT-EventQueue-0] GamePanel - Error in Load
[ERROR] 2018-10-07 18:34:04.448 [AWT-EventQueue-0] GameMakerController - null
[DEBUG] 2018-10-07 18:34:14.106 [AWT-EventQueue-0] WindowFrame - WindowFrame constructed
[DEBUG] 2018-10-07 18:34:14.115 [AWT-EventQueue-0] MainPanel - MainPanel constructed
[DEBUG] 2018-10-07 18:34:14.123 [AWT-EventQueue-0] FormPanel - FormPanel constructed
[DEBUG] 2018-10-07 18:34:14.136 [AWT-EventQueue-0] GamePanel - GamePanel constructed
[DEBUG] 2018-10-07 18:35:30.514 [AWT-EventQueue-0] CollisionFormPanel - CollisionFormPanel constructed
[DEBUG] 2018-10-07 18:36:43.966 [AWT-EventQueue-0] WindowFrame - WindowFrame constructed
[DEBUG] 2018-10-07 18:36:43.977 [AWT-EventQueue-0] MainPanel - MainPanel constructed
[DEBUG] 2018-10-07 18:36:43.983 [AWT-EventQueue-0] FormPanel - FormPanel constructed
[DEBUG] 2018-10-07 18:36:43.985 [AWT-EventQueue-0] GamePanel - GamePanel constructed
[DEBUG] 2018-10-07 18:38:54.663 [AWT-EventQueue-0] CollisionFormPanel - CollisionFormPanel constructed
[DEBUG] 2018-10-07 18:39:09.315 [AWT-EventQueue-0] WindowFrame - WindowFrame constructed
[DEBUG] 2018-10-07 18:39:09.323 [AWT-EventQueue-0] MainPanel - MainPanel constructed
[DEBUG] 2018-10-07 18:39:09.326 [AWT-EventQueue-0] FormPanel - FormPanel constructed
[DEBUG] 2018-10-07 18:39:09.328 [AWT-EventQueue-0] GamePanel - GamePanel constructed
[DEBUG] 2018-10-07 18:39:45.861 [AWT-EventQueue-0] ObjectPropertiesPanel - Form data populated
[DEBUG] 2018-10-07 18:40:08.362 [AWT-EventQueue-0] ObjectPropertiesPanel - Form data populated
[DEBUG] 2018-10-07 18:40:24.720 [AWT-EventQueue-0] WindowFrame - WindowFrame constructed
[DEBUG] 2018-10-07 18:40:24.727 [AWT-EventQueue-0] MainPanel - MainPanel constructed
[DEBUG] 2018-10-07 18:40:24.730 [AWT-EventQueue-0] FormPanel - FormPanel constructed
[DEBUG] 2018-10-07 18:40:24.732 [AWT-EventQueue-0] GamePanel - GamePanel constructed
[DEBUG] 2018-10-07 18:40:53.034 [AWT-EventQueue-0] CollisionFormPanel - CollisionFormPanel constructed
[DEBUG] 2018-10-07 18:40:53.034 [AWT-EventQueue-0] CollisionFormPanel - Collision added
[DEBUG] 2018-10-07 18:41:02.721 [AWT-EventQueue-0] WindowFrame - WindowFrame constructed
[DEBUG] 2018-10-07 18:41:02.729 [AWT-EventQueue-0] MainPanel - MainPanel constructed
[DEBUG] 2018-10-07 18:41:02.733 [AWT-EventQueue-0] FormPanel - FormPanel constructed
[DEBUG] 2018-10-07 18:41:02.735 [AWT-EventQueue-0] GamePanel - GamePanel constructed
[DEBUG] 2018-10-07 18:42:17.415 [AWT-EventQueue-0] CollisionFormPanel - CollisionFormPanel constructed
